
Showing logs for build [32mmeta-jenkins-x-jxr-packs-kubern-jxzfj-5[0m stage [32mmeta-pipeline[0m and container [32mstep-credential-initializer-zmp62[0m
{"level":"warn","ts":1587387802.112858,"logger":"fallback-logger","caller":"logging/config.go:69","msg":"Fetch GitHub commit ID from kodata failed: \"ref: refs/heads/0.8.0-**-support-backwards-incompats\" is not a valid GitHub commit ID"}
{"level":"info","ts":1587387802.1133165,"logger":"fallback-logger","caller":"creds-init/main.go:40","msg":"Credentials initialized."}

Showing logs for build [32mmeta-jenkins-x-jxr-packs-kubern-jxzfj-5[0m stage [32mmeta-pipeline[0m and container [32mstep-working-dir-initializer-rx27h[0m
{"level":"warn","ts":1587387802.5324008,"logger":"fallback-logger","caller":"logging/config.go:69","msg":"Fetch GitHub commit ID from kodata failed: open /var/run/ko/HEAD: no such file or directory"}
{"level":"info","ts":1587387802.544385,"logger":"fallback-logger","caller":"bash/main.go:64","msg":"Successfully executed command \"sh -c mkdir -p /workspace/source\"; output "}

Showing logs for build [32mmeta-jenkins-x-jxr-packs-kubern-jxzfj-5[0m stage [32mmeta-pipeline[0m and container [32mstep-place-tools[0m

Showing logs for build [32mmeta-jenkins-x-jxr-packs-kubern-jxzfj-5[0m stage [32mmeta-pipeline[0m and container [32mstep-git-source-meta-jenkins-x-jxr-packs-kubern-jxzfj-7hrp6[0m
{"level":"warn","ts":1587387807.6927981,"logger":"fallback-logger","caller":"logging/config.go:69","msg":"Fetch GitHub commit ID from kodata failed: \"ref: refs/heads/0.8.0-**-support-backwards-incompats\" is not a valid GitHub commit ID"}
{"level":"info","ts":1587387809.0141325,"logger":"fallback-logger","caller":"git/git.go:103","msg":"Successfully cloned https://github.com/jenkins-x/**r-packs-kubernetes.git @ 552c332238634bbcabbd730a4f76011be586baa9 in path /workspace/source"}

Showing logs for build [32mmeta-jenkins-x-jxr-packs-kubern-jxzfj-5[0m stage [32mmeta-pipeline[0m and container [32mstep-git-merge[0m
Using SHAs from PULL_REFS=master:552c332238634bbcabbd730a4f76011be586baa9
WARNING: no SHAs to merge, falling back to initial cloned commit

Showing logs for build [32mmeta-jenkins-x-jxr-packs-kubern-jxzfj-5[0m stage [32mmeta-pipeline[0m and container [32mstep-merge-pull-refs[0m
SKIP merge-pull-refs: Nothing to merge

Showing logs for build [32mmeta-jenkins-x-jxr-packs-kubern-jxzfj-5[0m stage [32mmeta-pipeline[0m and container [32mstep-create-effective-pipeline[0m
Cloning the Jenkins X versions repo https://github.com/jenkins-x/**r-versions.git with ref refs/heads/master to /builder/home/.**/jenkins-x-versions
error: failed to load project config in dir /workspace/source: failed to validate YAML file /workspace/source/jenkins-x.yml due to yaml: line 2: mapping values are not allowed in this context
[31m
Pipeline failed on stage 'meta-pipeline' : container 'step-create-effective-pipeline'. The execution of the pipeline has stopped.[0m
